make -f Makefile results.xml
make[1]: Entering directory '/workspace/challenges-rpjayaraman/level3_design'
MODULE=test_apb_v3_sram    TESTCASE= TOPLEVEL=apb_v3_sram          TOPLEVEL_LANG=verilog \
         /home/linuxbrew/.linuxbrew/bin/vvp -M /workspace/.pyenv_mirror/user/3.8.13/lib/python3.8/site-packages/cocotb/libs -m libcocotbvpi_icarus   sim_build/sim.vvp 
     -.--ns INFO     cocotb.gpi                         ..mbed/gpi_embed.cpp:76   in set_program_name_in_venv        Did not detect Python virtual environment. Using system-wide Python interpreter
     -.--ns INFO     cocotb.gpi                         ../gpi/GpiCommon.cpp:99   in gpi_print_registered_impl       VPI registered
     0.00ns INFO     Running on Icarus Verilog version 11.0 (stable)
     0.00ns INFO     Running tests with cocotb v1.6.2 from /workspace/.pyenv_mirror/fakeroot/versions/3.8.13/lib/python3.8/site-packages/cocotb
     0.00ns INFO     Seeding Python random module with 1659180327
     0.00ns WARNING  Pytest not found, assertion rewriting will not occur
     0.00ns INFO     Found test test_apb_v3_sram.test_apb
     0.00ns INFO     Found test test_apb_v3_sram.test_slave_err_test
     0.00ns INFO     running test_apb (1/2)
     0.00ns INFO     #### Directed Test ######
 15000.00ns INFO     #### Writing DATA ######
 40000.00ns INFO     WRITE OP: PSEL: 1 PWRITE: 1 PADDR 35 PWDATA 2 PREADY 1
 40000.00ns INFO     #### Reading DATA ######
 80000.00ns INFO     READ OP: PSEL: 1 PWRITE: 0 PADDR 35 READ_DATA 2 PREADY 1
 80000.00ns INFO     #### End of Directed Test ######
 80000.00ns INFO     test_apb passed
 80000.00ns INFO     running test_slave_err_test (2/2)
 80000.00ns INFO     #### Slave Error Test ######
100000.00ns INFO     Read operation
120000.00ns INFO     OP: PSEL: 1 PWRITE: 0 PADDR 74 PWDATA 2 PREADY 1
130000.00ns INFO     Slave Error response is 1
130000.00ns INFO     test_slave_err_test passed
130000.00ns INFO     **********************************************************************************************
                     ** TEST                                  STATUS  SIM TIME (ns)  REAL TIME (s)  RATIO (ns/s) **
                     **********************************************************************************************
                     ** test_apb_v3_sram.test_apb              PASS       80000.00           0.00   25456666.73  **
                     ** test_apb_v3_sram.test_slave_err_test   PASS       50000.00           0.00   29708911.20  **
                     **********************************************************************************************
                     ** TESTS=2 PASS=2 FAIL=0 SKIP=0                     130000.00           0.02    6978071.49  **
                     **********************************************************************************************
                     
wait_cyc_limit:1
make[1]: Leaving directory '/workspace/challenges-rpjayaraman/level3_design'
